This is pdfTeX, Version 3.141592653-2.6-1.40.25 (TeX Live 2023/Debian) (preloaded format=pdflatex)
 restricted \write18 enabled.
entering extended mode
(./main.tex
LaTeX2e <2023-11-01> patch level 1
L3 programming layer <2024-01-22>
(/usr/share/texlive/texmf-dist/tex/latex/base/report.cls
Document Class: report 2023/05/17 v1.4n Standard LaTeX document class
(/usr/share/texlive/texmf-dist/tex/latex/base/size12.clo))
(/usr/share/texlive/texmf-dist/tex/latex/base/inputenc.sty)
(/usr/share/texlive/texmf-dist/tex/latex/base/fontenc.sty)
(/usr/share/texlive/texmf-dist/tex/generic/babel/babel.sty
(/usr/share/texlive/texmf-dist/tex/generic/babel/txtbabel.def)
(/usr/share/texlive/texmf-dist/tex/generic/babel-spanish/spanish.ldf))
(/usr/share/texlive/texmf-dist/tex/generic/babel/locale/es/babel-spanish.tex)
(/usr/share/texlive/texmf-dist/tex/latex/geometry/geometry.sty
(/usr/share/texlive/texmf-dist/tex/latex/graphics/keyval.sty)
(/usr/share/texlive/texmf-dist/tex/generic/iftex/ifvtex.sty
(/usr/share/texlive/texmf-dist/tex/generic/iftex/iftex.sty)))
(/usr/share/texlive/texmf-dist/tex/latex/graphics/graphicx.sty
(/usr/share/texlive/texmf-dist/tex/latex/graphics/graphics.sty
(/usr/share/texlive/texmf-dist/tex/latex/graphics/trig.sty)
(/usr/share/texlive/texmf-dist/tex/latex/graphics-cfg/graphics.cfg)
(/usr/share/texlive/texmf-dist/tex/latex/graphics-def/pdftex.def)))
(/usr/share/texlive/texmf-dist/tex/latex/grffile/grffile.sty)
(/usr/share/texlive/texmf-dist/tex/latex/amsmath/amsmath.sty
For additional information on amsmath, use the `?' option.
(/usr/share/texlive/texmf-dist/tex/latex/amsmath/amstext.sty
(/usr/share/texlive/texmf-dist/tex/latex/amsmath/amsgen.sty))
(/usr/share/texlive/texmf-dist/tex/latex/amsmath/amsbsy.sty)
(/usr/share/texlive/texmf-dist/tex/latex/amsmath/amsopn.sty))
(/usr/share/texlive/texmf-dist/tex/latex/amsfonts/amssymb.sty
(/usr/share/texlive/texmf-dist/tex/latex/amsfonts/amsfonts.sty))
(/usr/share/texlive/texmf-dist/tex/latex/enumitem/enumitem.sty)
(/usr/share/texlive/texmf-dist/tex/latex/booktabs/booktabs.sty)
(/usr/share/texlive/texmf-dist/tex/latex/caption/caption.sty
(/usr/share/texlive/texmf-dist/tex/latex/caption/caption3.sty))
(/usr/share/texlive/texmf-dist/tex/latex/caption/subcaption.sty)
(/usr/share/texlive/texmf-dist/tex/latex/float/float.sty)
(/usr/share/texlive/texmf-dist/tex/latex/microtype/microtype.sty
(/usr/share/texlive/texmf-dist/tex/latex/etoolbox/etoolbox.sty)
(/usr/share/texlive/texmf-dist/tex/latex/microtype/microtype-pdftex.def)
(/usr/share/texlive/texmf-dist/tex/latex/microtype/microtype.cfg))
(/usr/share/texlive/texmf-dist/tex/latex/hyperref/hyperref.sty
(/usr/share/texlive/texmf-dist/tex/latex/kvsetkeys/kvsetkeys.sty)
(/usr/share/texlive/texmf-dist/tex/generic/kvdefinekeys/kvdefinekeys.sty)
(/usr/share/texlive/texmf-dist/tex/generic/pdfescape/pdfescape.sty
(/usr/share/texlive/texmf-dist/tex/generic/ltxcmds/ltxcmds.sty)
(/usr/share/texlive/texmf-dist/tex/generic/pdftexcmds/pdftexcmds.sty
(/usr/share/texlive/texmf-dist/tex/generic/infwarerr/infwarerr.sty)))
(/usr/share/texlive/texmf-dist/tex/latex/hycolor/hycolor.sty)
(/usr/share/texlive/texmf-dist/tex/latex/auxhook/auxhook.sty)
(/usr/share/texlive/texmf-dist/tex/latex/hyperref/nameref.sty
(/usr/share/texlive/texmf-dist/tex/latex/refcount/refcount.sty)
(/usr/share/texlive/texmf-dist/tex/generic/gettitlestring/gettitlestring.sty
(/usr/share/texlive/texmf-dist/tex/latex/kvoptions/kvoptions.sty)))
(/usr/share/texlive/texmf-dist/tex/latex/hyperref/pd1enc.def)
(/usr/share/texlive/texmf-dist/tex/generic/intcalc/intcalc.sty)
(/usr/share/texlive/texmf-dist/tex/latex/hyperref/puenc.def)
(/usr/share/texlive/texmf-dist/tex/latex/url/url.sty)
(/usr/share/texlive/texmf-dist/tex/generic/bitset/bitset.sty
(/usr/share/texlive/texmf-dist/tex/generic/bigintcalc/bigintcalc.sty))
(/usr/share/texlive/texmf-dist/tex/latex/base/atbegshi-ltx.sty))
(/usr/share/texlive/texmf-dist/tex/latex/hyperref/hpdftex.def
(/usr/share/texlive/texmf-dist/tex/latex/base/atveryend-ltx.sty)
(/usr/share/texlive/texmf-dist/tex/latex/rerunfilecheck/rerunfilecheck.sty
(/usr/share/texlive/texmf-dist/tex/generic/uniquecounter/uniquecounter.sty)))
(/usr/share/texlive/texmf-dist/tex/latex/fancyhdr/fancyhdr.sty)
(/usr/share/texlive/texmf-dist/tex/latex/l3backend/l3backend-pdftex.def)
(./main.aux)
*geometry* driver: auto-detecting
*geometry* detected driver: pdftex
(/usr/share/texlive/texmf-dist/tex/context/base/mkii/supp-pdf.mkii
[Loading MPS to PDF converter (version 2006.09.02).]
) (/usr/share/texlive/texmf-dist/tex/latex/epstopdf-pkg/epstopdf-base.sty
(/usr/share/texlive/texmf-dist/tex/latex/latexconfig/epstopdf-sys.cfg))
(/usr/share/texlive/texmf-dist/tex/latex/microtype/mt-cmr.cfg)
(/usr/share/texlive/texmf-dist/tex/latex/graphics/color.sty
(/usr/share/texlive/texmf-dist/tex/latex/graphics-cfg/color.cfg)
(/usr/share/texlive/texmf-dist/tex/latex/graphics/mathcolor.ltx)) (./main.out)
(./main.out) (./secciones/portada.tex [1{/var/lib/texmf/fonts/map/pdftex/updmap
/pdftex.map}{/usr/share/texmf/fonts/enc/dvips/cm-super/cm-super-t1.enc}])
(./secciones/dedicatoria.tex)
pdfTeX warning (ext4): destination with the same identifier (name{page.I}) has 
been already used, duplicate ignored
<to be read again> 
                   \relax 
l.52 \cleardoublepage
                      [1] (./secciones/agradecimientos.tex) [2] (./main.toc
(/usr/share/texlive/texmf-dist/tex/latex/amsfonts/umsa.fd)
(/usr/share/texlive/texmf-dist/tex/latex/microtype/mt-msa.cfg)
(/usr/share/texlive/texmf-dist/tex/latex/amsfonts/umsb.fd)
(/usr/share/texlive/texmf-dist/tex/latex/microtype/mt-msb.cfg)) [3] (./main.lot
) [4] (./main.lof) [5] (./secciones/resumen.tex [6]
pdfTeX warning (ext4): destination with the same identifier (name{page.I}) has 
been already used, duplicate ignored
<to be read again> 
                   \relax 
l.33 \end{abstract}
                    [1]) (./capitulos/capitulo1.tex
Cap\'{\i }tulo 1.
[1] [2 <./figuras/000_partes_placa_base.png (PNG copy)>] [3] [4])
(./capitulos/capitulo2.tex [5]
Cap\'{\i }tulo 2.
[6] [7 <./figuras/001_Vista en corte de una conexiĂłn columna-cimentaciĂłn colu
mna de acero, placa base, pernos de anclaje, grout y pedestal de concreto..png 
(PNG copy)>] [8 <./figuras/002_Mapa de la RepĂşblica Mexicana seĂ±alando el epi
centro del sismo del 19-S 2017 y la Ciudad de MĂ©xico..png (PNG copy)>])
(./capitulos/capitulo3.tex [9 <./figuras/009_Casos de estudio..png (PNG copy)>]
Cap\'{\i }tulo 3.
) (./capitulos/capitulo4.tex [10] [11]
Cap\'{\i }tulo 4.
[12] [13]
Underfull \hbox (badness 1360) in paragraph at lines 155--155
[]\T1/cmr/m/n/12 Figura 4.2: |Me-ca-nis-mo de fa-lla por

Underfull \hbox (badness 2772) in paragraph at lines 155--155
\T1/cmr/m/n/12 arran-ca-mien-to de cono de con-cre-to
[14] [15 <./figuras/006_Planta de placa base con perfil W al centro..png (PNG c
opy)> <./figuras/007_Fallo por cono de concreto..png (PNG copy)>] [16 <./figura
s/003_Diagrama de distribuciĂłn lineal de presiones en placa base..png (PNG cop
y)> <./figuras/004_Diagrama esquemĂˇtico del efecto prying action; placa deform
ada..png (PNG copy)>] [17 <./figuras/008_Despiece isomĂ©trico de la conexiĂłn; 
columna W, placa base, pernos de anclaje con tuerca y arandela, capa de grout y
 pedestal de concreto..png (PNG copy)>]) (./capitulos/capitulo5.tex [18]
Cap\'{\i }tulo 5.
) (./secciones/conclusiones.tex [19]) (./anexos/anexo1.tex [20]
Ap\'{e}ndice A.
) (./anexos/apendiceB.tex [21]
Ap\'{e}ndice B.
[22]) (./main.bbl [23] (/usr/share/texlive/texmf-dist/tex/latex/base/t1cmtt.fd)

Underfull \hbox (badness 10000) in paragraph at lines 19--23
[]\T1/cmr/m/n/12 INDEX Fix.  Ti-pos de fa-llos de an-cla-jes.

Underfull \hbox (badness 10000) in paragraph at lines 19--23
[][]$\T1/cmtt/m/n/12 https : / / www . indexfix . com / preguntas-[]frecuentes 
/

Overfull \hbox (249.00482pt too wide) in paragraph at lines 19--23
\T1/cmtt/m/n/12 como-[]se-[]sabe-[]si-[]un-[]anclaje-[]aguantara-[]la-[]carga-[
]a-[]la-[]que-[]se-[]le-[]va-[]a-[]someter-[]mecanicos-[]y-[]quimicos-[]en-[]ho
rmigon$[][]\T1/cmr/m/n/12 . 

Underfull \hbox (badness 4981) in paragraph at lines 25--31
[]\T1/cmr/m/n/12 Hilti Es-pa-ńa.  ľpor qué es im-por-tan-te com-pro-bar la ri-g
i-dez de la

Underfull \hbox (badness 10000) in paragraph at lines 25--31
\T1/cmr/m/n/12 pla-ca de an-cla-jes?  [][]$\T1/cmtt/m/n/12 https : / / www . hi
lti . es / engineering / article /

Overfull \hbox (1.01979pt too wide) in paragraph at lines 25--31
\T1/cmtt/m/n/12 por-[]que-[]es-[]importante-[]comprobar-[]la-[]rigidez-[]de-[]l
a-[]placa-[]de-[]anclajes /
[24]
Underfull \hbox (badness 5637) in paragraph at lines 124--130
[]\T1/cmr/m/n/12 Prontubeam.  Di-se-ńo y mo-de-li-za-ción de ba-ses y pla-cas d
e an-cla-je

Underfull \hbox (badness 10000) in paragraph at lines 124--130
\T1/cmr/m/n/12 en es-truc-tu-ras me-tá-li-cas.  [][]$\T1/cmtt/m/n/12 https : / 
/ www . prontubeam . com / articulos /

Underfull \hbox (badness 10000) in paragraph at lines 124--130
\T1/cmtt/m/n/12 2021-[]02-[]20-[]Diseno-[]de-[]placas-[]de-[]anclaje-[]en-[]est
ructuras-[]metalicas$[][]\T1/cmr/m/n/12 ,
[25]) [26] (./main.aux)

LaTeX Warning: Label(s) may have changed. Rerun to get cross-references right.

 )
(see the transcript file for additional information)</usr/share/texlive/texmf-d
ist/fonts/type1/public/amsfonts/cm/cmex10.pfb></usr/share/texlive/texmf-dist/fo
nts/type1/public/amsfonts/cm/cmmi12.pfb></usr/share/texlive/texmf-dist/fonts/ty
pe1/public/amsfonts/cm/cmmi8.pfb></usr/share/texlive/texmf-dist/fonts/type1/pub
lic/amsfonts/cm/cmr12.pfb></usr/share/texlive/texmf-dist/fonts/type1/public/ams
fonts/cm/cmr8.pfb></usr/share/texlive/texmf-dist/fonts/type1/public/amsfonts/cm
/cmsy10.pfb></usr/share/texlive/texmf-dist/fonts/type1/public/amsfonts/cm/cmsy8
.pfb></usr/share/texmf/fonts/type1/public/cm-super/sfbi1200.pfb></usr/share/tex
mf/fonts/type1/public/cm-super/sfbx1200.pfb></usr/share/texmf/fonts/type1/publi
c/cm-super/sfbx1440.pfb></usr/share/texmf/fonts/type1/public/cm-super/sfbx1728.
pfb></usr/share/texmf/fonts/type1/public/cm-super/sfbx2074.pfb></usr/share/texm
f/fonts/type1/public/cm-super/sfbx2488.pfb></usr/share/texmf/fonts/type1/public
/cm-super/sfcc1200.pfb></usr/share/texmf/fonts/type1/public/cm-super/sfrm1200.p
fb></usr/share/texmf/fonts/type1/public/cm-super/sfrm1440.pfb></usr/share/texmf
/fonts/type1/public/cm-super/sfrm1728.pfb></usr/share/texmf/fonts/type1/public/
cm-super/sfti1200.pfb></usr/share/texmf/fonts/type1/public/cm-super/sftt1200.pf
b></usr/share/texmf/fonts/type1/public/cm-super/sfxc1200.pfb>
Output written on main.pdf (34 pages, 13401384 bytes).
Transcript written on main.log.
