\BOOKMARK [0][-]{chapter*.1}{\376\377\000A\000g\000r\000a\000d\000e\000c\000i\000m\000i\000e\000n\000t\000o\000s}{}% 1
\BOOKMARK [0][-]{chapter*.5}{\376\377\000R\000e\000s\000u\000m\000e\000n}{}% 2
\BOOKMARK [0][-]{chapter.1}{\376\377\000I\000n\000t\000r\000o\000d\000u\000c\000c\000i\000\363\000n}{}% 3
\BOOKMARK [1][-]{section.1.1}{\376\377\000A\000n\000t\000e\000c\000e\000d\000e\000n\000t\000e\000s\000:\000\040\000E\000v\000o\000l\000u\000c\000i\000\363\000n\000\040\000H\000i\000s\000t\000\363\000r\000i\000c\000a\000,\000\040\000N\000o\000r\000m\000a\000t\000i\000v\000a\000\040\000y\000\040\000A\000n\000a\000l\000\355\000t\000i\000c\000a\000\040\000e\000n\000\040\000e\000l\000\040\000D\000i\000s\000e\000\361\000o\000\040\000d\000e\000\040\000P\000l\000a\000c\000a\000s\000\040\000B\000a\000s\000e\000\040\000\050\000N\000T\000C\000-\000D\000C\000E\000A\000\040\0002\0000\0001\0007\000\040\000v\000s\000.\000\040\000N\000T\000C\000-\000D\000C\000E\000A\000\040\0002\0000\0002\0003\000\051}{chapter.1}% 4
\BOOKMARK [2][-]{subsection.1.1.1}{\376\377\000I\000n\000t\000r\000o\000d\000u\000c\000c\000i\000\363\000n\000\040\000a\000l\000\040\000C\000o\000m\000p\000o\000r\000t\000a\000m\000i\000e\000n\000t\000o\000\040\000d\000e\000\040\000l\000a\000s\000\040\000C\000o\000n\000e\000x\000i\000o\000n\000e\000s\000\040\000C\000o\000l\000u\000m\000n\000a\000-\000C\000i\000m\000e\000n\000t\000a\000c\000i\000\363\000n}{section.1.1}% 5
\BOOKMARK [1][-]{section.1.2}{\376\377\000E\000l\000\040\000S\000i\000s\000m\000o\000\040\000d\000e\000l\000\040\0001\0009\000\040\000d\000e\000\040\000S\000e\000p\000t\000i\000e\000m\000b\000r\000e\000\040\000d\000e\000\040\0002\0000\0001\0007\000\040\000y\000\040\000l\000a\000\040\000E\000v\000i\000d\000e\000n\000c\000i\000a\000\040\000F\000o\000r\000e\000n\000s\000e\000\040\000E\000s\000t\000r\000u\000c\000t\000u\000r\000a\000l}{chapter.1}% 6
\BOOKMARK [2][-]{subsection.1.2.1}{\376\377\000D\000e\000m\000a\000n\000d\000a\000\040\000s\000\355\000s\000m\000i\000c\000a\000\040\000y\000\040\000e\000f\000e\000c\000t\000o\000s\000\040\000d\000e\000\040\000s\000i\000t\000i\000o}{section.1.2}% 7
\BOOKMARK [2][-]{subsection.1.2.2}{\376\377\000P\000a\000t\000r\000o\000n\000e\000s\000\040\000d\000e\000\040\000f\000a\000l\000l\000a\000\040\000e\000s\000t\000r\000u\000c\000t\000u\000r\000a\000l}{section.1.2}% 8
\BOOKMARK [1][-]{section.1.3}{\376\377\000P\000a\000r\000a\000d\000i\000g\000m\000a\000\040\000d\000e\000\040\000d\000i\000s\000e\000\361\000o\000\040\000e\000n\000\040\000l\000a\000s\000\040\000N\000T\000C\000-\000D\000C\000E\000A\000\040\0002\0000\0001\0007}{chapter.1}% 9
\BOOKMARK [2][-]{subsection.1.3.1}{\376\377\000D\000i\000s\000t\000r\000i\000b\000u\000c\000i\000\363\000n\000\040\000l\000i\000n\000e\000a\000l\000\040\000d\000e\000\040\000p\000r\000e\000s\000i\000o\000n\000e\000s}{section.1.3}% 10
\BOOKMARK [1][-]{section.1.4}{\376\377\000L\000i\000m\000i\000t\000a\000c\000i\000o\000n\000e\000s\000\040\000d\000e\000l\000\040\000e\000n\000f\000o\000q\000u\000e\000\040\000c\000l\000\341\000s\000i\000c\000o\000\040\000y\000\040\000e\000v\000o\000l\000u\000c\000i\000\363\000n\000\040\000h\000a\000c\000i\000a\000\040\000c\000r\000i\000t\000e\000r\000i\000o\000s\000\040\000m\000\341\000s\000\040\000r\000i\000g\000u\000r\000o\000s\000o\000s}{chapter.1}% 11
\BOOKMARK [2][-]{subsection.1.4.1}{\376\377\000C\000\341\000l\000c\000u\000l\000o\000\040\000d\000e\000l\000\040\000e\000s\000p\000e\000s\000o\000r\000\040\000d\000e\000\040\000p\000l\000a\000c\000a\000\040\000p\000o\000r\000\040\000e\000l\000\040\000m\000\351\000t\000o\000d\000o\000\040\000d\000e\000l\000\040\000v\000o\000l\000a\000d\000i\000z\000o}{section.1.4}% 12
\BOOKMARK [1][-]{section.1.5}{\376\377\000C\000a\000m\000b\000i\000o\000s\000\040\000n\000o\000r\000m\000a\000t\000i\000v\000o\000s\000\040\000e\000n\000\040\000l\000a\000s\000\040\000N\000T\000C\000-\000D\000C\000E\000A\000\040\0002\0000\0002\0003}{chapter.1}% 13
\BOOKMARK [1][-]{section.1.6}{\376\377\000E\000s\000t\000a\000d\000o\000s\000\040\000l\000\355\000m\000i\000t\000e\000\040\000d\000e\000\040\000f\000a\000l\000l\000a\000\040\000e\000n\000\040\000a\000n\000c\000l\000a\000j\000e\000s}{chapter.1}% 14
\BOOKMARK [0][-]{chapter.2}{\376\377\000P\000l\000a\000n\000t\000e\000a\000m\000i\000e\000n\000t\000o\000\040\000y\000\040\000O\000b\000j\000e\000t\000i\000v\000o\000s\000\040\000d\000e\000\040\000l\000a\000\040\000I\000n\000v\000e\000s\000t\000i\000g\000a\000c\000i\000\363\000n}{}% 15
\BOOKMARK [1][-]{section.2.1}{\376\377\000P\000l\000a\000n\000t\000e\000a\000m\000i\000e\000n\000t\000o\000\040\000d\000e\000l\000\040\000p\000r\000o\000b\000l\000e\000m\000a}{chapter.2}% 16
\BOOKMARK [1][-]{section.2.2}{\376\377\000J\000u\000s\000t\000i\000f\000i\000c\000a\000c\000i\000\363\000n}{chapter.2}% 17
\BOOKMARK [1][-]{section.2.3}{\376\377\000O\000b\000j\000e\000t\000i\000v\000o\000s\000\040\000G\000e\000n\000e\000r\000a\000l\000\040\000y\000\040\000E\000s\000p\000e\000c\000\355\000f\000i\000c\000o\000s}{chapter.2}% 18
\BOOKMARK [2][-]{subsection.2.3.1}{\376\377\000O\000b\000j\000e\000t\000i\000v\000o\000\040\000G\000e\000n\000e\000r\000a\000l}{section.2.3}% 19
\BOOKMARK [2][-]{subsection.2.3.2}{\376\377\000O\000b\000j\000e\000t\000i\000v\000o\000s\000\040\000E\000s\000p\000e\000c\000\355\000f\000i\000c\000o\000s}{section.2.3}% 20
\BOOKMARK [1][-]{section.2.4}{\376\377\000H\000i\000p\000\363\000t\000e\000s\000i\000s\000\040\000d\000e\000\040\000I\000n\000v\000e\000s\000t\000i\000g\000a\000c\000i\000\363\000n}{chapter.2}% 21
\BOOKMARK [0][-]{chapter.3}{\376\377\000M\000a\000r\000c\000o\000\040\000T\000e\000\363\000r\000i\000c\000o\000\040\000y\000\040\000R\000e\000f\000e\000r\000e\000n\000c\000i\000a\000l}{}% 22
\BOOKMARK [1][-]{section.3.1}{\376\377\000C\000o\000n\000c\000e\000p\000t\000o\000s\000\040\000F\000u\000n\000d\000a\000m\000e\000n\000t\000a\000l\000e\000s\000\040\000d\000e\000\040\000E\000s\000t\000r\000u\000c\000t\000u\000r\000a\000s\000\040\000d\000e\000\040\000A\000c\000e\000r\000o}{chapter.3}% 23
\BOOKMARK [1][-]{section.3.2}{\376\377\000P\000l\000a\000c\000a\000s\000\040\000B\000a\000s\000e\000\040\000p\000a\000r\000a\000\040\000C\000o\000l\000u\000m\000n\000a\000s}{chapter.3}% 24
\BOOKMARK [2][-]{subsection.3.2.1}{\376\377\000C\000o\000m\000p\000o\000n\000e\000n\000t\000e\000s\000\040\000d\000e\000\040\000l\000a\000\040\000C\000o\000n\000e\000x\000i\000\363\000n}{section.3.2}% 25
\BOOKMARK [1][-]{section.3.3}{\376\377\000M\000o\000d\000o\000s\000\040\000d\000e\000\040\000F\000a\000l\000l\000a\000\040\000e\000n\000\040\000P\000l\000a\000c\000a\000s\000\040\000B\000a\000s\000e}{chapter.3}% 26
\BOOKMARK [1][-]{section.3.4}{\376\377\000E\000v\000o\000l\000u\000c\000i\000\363\000n\000\040\000d\000e\000l\000\040\000M\000a\000r\000c\000o\000\040\000N\000o\000r\000m\000a\000t\000i\000v\000o\000:\000\040\000N\000T\000C\000\040\0002\0000\0001\0007\000\040\000v\000s\000.\000\040\000N\000T\000C\000\040\0002\0000\0002\0003}{chapter.3}% 27
\BOOKMARK [0][-]{chapter.4}{\376\377\000M\000e\000t\000o\000d\000o\000l\000o\000g\000\355\000a}{}% 28
\BOOKMARK [1][-]{section.4.1}{\376\377\000E\000n\000f\000o\000q\000u\000e\000\040\000y\000\040\000T\000i\000p\000o\000\040\000d\000e\000\040\000I\000n\000v\000e\000s\000t\000i\000g\000a\000c\000i\000\363\000n}{chapter.4}% 29
\BOOKMARK [1][-]{section.4.2}{\376\377\000D\000e\000f\000i\000n\000i\000c\000i\000\363\000n\000\040\000d\000e\000\040\000C\000a\000s\000o\000s\000\040\000d\000e\000\040\000E\000s\000t\000u\000d\000i\000o}{chapter.4}% 30
\BOOKMARK [1][-]{section.4.3}{\376\377\000P\000r\000o\000c\000e\000d\000i\000m\000i\000e\000n\000t\000o\000\040\000A\000n\000a\000l\000\355\000t\000i\000c\000o}{chapter.4}% 31
\BOOKMARK [1][-]{section.4.4}{\376\377\000A\000n\000\341\000l\000i\000s\000i\000s\000\040\000e\000\040\000I\000n\000t\000e\000r\000p\000r\000e\000t\000a\000c\000i\000\363\000n\000\040\000d\000e\000\040\000R\000e\000s\000u\000l\000t\000a\000d\000o\000s}{chapter.4}% 32
\BOOKMARK [1][-]{section.4.5}{\376\377\000H\000e\000r\000r\000a\000m\000i\000e\000n\000t\000a\000s\000\040\000y\000\040\000R\000e\000c\000u\000r\000s\000o\000s}{chapter.4}% 33
\BOOKMARK [1][-]{section.4.6}{\376\377\000D\000i\000a\000g\000r\000a\000m\000a\000\040\000d\000e\000\040\000G\000a\000n\000t\000t\000\040\000S\000i\000m\000p\000l\000i\000f\000i\000c\000a\000d\000o}{chapter.4}% 34
\BOOKMARK [0][-]{chapter.5}{\376\377\000M\000a\000r\000c\000o\000\040\000T\000e\000\363\000r\000i\000c\000o}{}% 35
\BOOKMARK [1][-]{section.5.1}{\376\377\000C\000o\000n\000c\000e\000p\000t\000o\000s\000\040\000f\000u\000n\000d\000a\000m\000e\000n\000t\000a\000l\000e\000s}{chapter.5}% 36
\BOOKMARK [1][-]{section.5.2}{\376\377\000N\000o\000r\000m\000a\000s\000\040\000y\000\040\000c\000\363\000d\000i\000g\000o\000s\000\040\000a\000p\000l\000i\000c\000a\000b\000l\000e\000s}{chapter.5}% 37
\BOOKMARK [0][-]{chapter.6}{\376\377\000E\000s\000t\000a\000d\000o\000\040\000d\000e\000l\000\040\000A\000r\000t\000e}{}% 38
\BOOKMARK [1][-]{section.6.1}{\376\377\000R\000e\000v\000i\000s\000i\000\363\000n\000\040\000b\000i\000b\000l\000i\000o\000g\000r\000\341\000f\000i\000c\000a}{chapter.6}% 39
\BOOKMARK [1][-]{section.6.2}{\376\377\000C\000o\000m\000p\000a\000r\000a\000c\000i\000\363\000n\000\040\000d\000e\000\040\000m\000\351\000t\000o\000d\000o\000s}{chapter.6}% 40
\BOOKMARK [0][-]{chapter.7}{\376\377\000M\000e\000t\000o\000d\000o\000l\000o\000g\000\355\000a}{}% 41
\BOOKMARK [1][-]{section.7.1}{\376\377\000D\000i\000s\000e\000\361\000o\000\040\000d\000e\000\040\000l\000a\000\040\000i\000n\000v\000e\000s\000t\000i\000g\000a\000c\000i\000\363\000n}{chapter.7}% 42
\BOOKMARK [2][-]{subsection.7.1.1}{\376\377\000T\000r\000a\000b\000a\000j\000o\000\040\000d\000e\000\040\000c\000a\000m\000p\000o}{section.7.1}% 43
\BOOKMARK [2][-]{subsection.7.1.2}{\376\377\000P\000r\000o\000c\000e\000s\000o\000s\000\040\000d\000e\000\040\000l\000a\000b\000o\000r\000a\000t\000o\000r\000i\000o}{section.7.1}% 44
\BOOKMARK [1][-]{section.7.2}{\376\377\000M\000o\000d\000e\000l\000a\000d\000o\000\040\000y\000\040\000a\000n\000\341\000l\000i\000s\000i\000s}{chapter.7}% 45
\BOOKMARK [2][-]{subsection.7.2.1}{\376\377\000S\000o\000f\000t\000w\000a\000r\000e\000\040\000y\000\040\000n\000o\000r\000m\000a\000s}{section.7.2}% 46
\BOOKMARK [1][-]{section.7.3}{\376\377\000V\000a\000l\000i\000d\000a\000c\000i\000\363\000n\000\040\000y\000\040\000v\000e\000r\000i\000f\000i\000c\000a\000c\000i\000\363\000n}{chapter.7}% 47
\BOOKMARK [0][-]{chapter.8}{\376\377\000A\000n\000\341\000l\000i\000s\000i\000s\000\040\000y\000\040\000R\000e\000s\000u\000l\000t\000a\000d\000o\000s}{}% 48
\BOOKMARK [1][-]{section.8.1}{\376\377\000P\000r\000o\000c\000e\000s\000a\000m\000i\000e\000n\000t\000o\000\040\000d\000e\000\040\000l\000o\000s\000\040\000d\000a\000t\000o\000s}{chapter.8}% 49
\BOOKMARK [1][-]{section.8.2}{\376\377\000R\000e\000s\000u\000l\000t\000a\000d\000o\000s}{chapter.8}% 50
\BOOKMARK [1][-]{section.8.3}{\376\377\000D\000i\000s\000c\000u\000s\000i\000\363\000n}{chapter.8}% 51
\BOOKMARK [0][-]{chapter*.15}{\376\377\000C\000o\000n\000c\000l\000u\000s\000i\000o\000n\000e\000s\000\040\000y\000\040\000R\000e\000c\000o\000m\000e\000n\000d\000a\000c\000i\000o\000n\000e\000s}{}% 52
\BOOKMARK [0][-]{appendix.Alph1}{\376\377\000A\000n\000e\000x\000o\000\040\000A\000:\000\040\000I\000n\000s\000t\000r\000u\000m\000e\000n\000t\000o\000s\000\040\000y\000\040\000D\000a\000t\000o\000s}{}% 53
\BOOKMARK [1][-]{section.Alph1.1}{\376\377\000F\000o\000r\000m\000u\000l\000a\000r\000i\000o\000s\000\040\000y\000\040\000d\000a\000t\000o\000s\000\040\000b\000r\000u\000t\000o\000s}{appendix.Alph1}% 54
\BOOKMARK [0][-]{appendix.Alph2}{\376\377\000A\000p\000\351\000n\000d\000i\000c\000e\000\040\000B\000:\000\040\000D\000i\000s\000e\000\361\000o\000\040\000d\000e\000\040\000p\000l\000a\000c\000a\000s\000\040\000b\000a\000s\000e}{}% 55
