This is pdfTeX, Version 3.141592653-2.6-1.40.25 (TeX Live 2023/Debian) (preloaded format=pdflatex 2026.3.18)  17 JUN 2026 22:49
entering extended mode
 restricted \write18 enabled.
 %&-line parsing enabled.
**main.tex
(./main.tex
LaTeX2e <2023-11-01> patch level 1
L3 programming layer <2024-01-22>
(/usr/share/texlive/texmf-dist/tex/latex/base/report.cls
Document Class: report 2023/05/17 v1.4n Standard LaTeX document class
(/usr/share/texlive/texmf-dist/tex/latex/base/size12.clo
File: size12.clo 2023/05/17 v1.4n Standard LaTeX file (size option)
)
\c@part=\count187
\c@chapter=\count188
\c@section=\count189
\c@subsection=\count190
\c@subsubsection=\count191
\c@paragraph=\count192
\c@subparagraph=\count193
\c@figure=\count194
\c@table=\count195
\abovecaptionskip=\skip48
\belowcaptionskip=\skip49
\bibindent=\dimen140
)
(/usr/share/texlive/texmf-dist/tex/latex/base/inputenc.sty
Package: inputenc 2021/02/14 v1.3d Input encoding file
\inpenc@prehook=\toks17
\inpenc@posthook=\toks18
)
(/usr/share/texlive/texmf-dist/tex/latex/base/fontenc.sty
Package: fontenc 2021/04/29 v2.0v Standard LaTeX package
)
(/usr/share/texlive/texmf-dist/tex/generic/babel/babel.sty
Package: babel 2024/01/07 v24.1 The Babel package
\babel@savecnt=\count196
\U@D=\dimen141
\l@unhyphenated=\language12

(/usr/share/texlive/texmf-dist/tex/generic/babel/txtbabel.def)
\bbl@readstream=\read2
\bbl@dirlevel=\count197

(/usr/share/texlive/texmf-dist/tex/generic/babel-spanish/spanish.ldf
Language: spanish.ldf 2021/05/27 v5.0q Spanish support from the babel system
\es@quottoks=\toks19
\es@quotdepth=\count198
Package babel Info: Making " an active character on input line 570.
Package babel Info: Making . an active character on input line 675.
Package babel Info: Making < an active character on input line 722.
Package babel Info: Making > an active character on input line 722.
))
(/usr/share/texlive/texmf-dist/tex/generic/babel/locale/es/babel-spanish.tex
Package babel Info: Importing font and identification data for spanish
(babel)             from babel-es.ini. Reported on input line 11.
)
(/usr/share/texlive/texmf-dist/tex/latex/geometry/geometry.sty
Package: geometry 2020/01/02 v5.9 Page Geometry

(/usr/share/texlive/texmf-dist/tex/latex/graphics/keyval.sty
Package: keyval 2022/05/29 v1.15 key=value parser (DPC)
\KV@toks@=\toks20
)
(/usr/share/texlive/texmf-dist/tex/generic/iftex/ifvtex.sty
Package: ifvtex 2019/10/25 v1.7 ifvtex legacy package. Use iftex instead.

(/usr/share/texlive/texmf-dist/tex/generic/iftex/iftex.sty
Package: iftex 2022/02/03 v1.0f TeX engine tests
))
\Gm@cnth=\count199
\Gm@cntv=\count266
\c@Gm@tempcnt=\count267
\Gm@bindingoffset=\dimen142
\Gm@wd@mp=\dimen143
\Gm@odd@mp=\dimen144
\Gm@even@mp=\dimen145
\Gm@layoutwidth=\dimen146
\Gm@layoutheight=\dimen147
\Gm@layouthoffset=\dimen148
\Gm@layoutvoffset=\dimen149
\Gm@dimlist=\toks21
)
(/usr/share/texlive/texmf-dist/tex/latex/graphics/graphicx.sty
Package: graphicx 2021/09/16 v1.2d Enhanced LaTeX Graphics (DPC,SPQR)

(/usr/share/texlive/texmf-dist/tex/latex/graphics/graphics.sty
Package: graphics 2022/03/10 v1.4e Standard LaTeX Graphics (DPC,SPQR)

(/usr/share/texlive/texmf-dist/tex/latex/graphics/trig.sty
Package: trig 2021/08/11 v1.11 sin cos tan (DPC)
)
(/usr/share/texlive/texmf-dist/tex/latex/graphics-cfg/graphics.cfg
File: graphics.cfg 2016/06/04 v1.11 sample graphics configuration
)
Package graphics Info: Driver file: pdftex.def on input line 107.

(/usr/share/texlive/texmf-dist/tex/latex/graphics-def/pdftex.def
File: pdftex.def 2022/09/22 v1.2b Graphics/color driver for pdftex
))
\Gin@req@height=\dimen150
\Gin@req@width=\dimen151
)
(/usr/share/texlive/texmf-dist/tex/latex/grffile/grffile.sty
Package: grffile 2019/11/11 v2.1 Extended file name support for graphics (legac
y)
Package grffile Info: This package is an empty stub for compatibility on input 
line 40.
)
(/usr/share/texlive/texmf-dist/tex/latex/amsmath/amsmath.sty
Package: amsmath 2023/05/13 v2.17o AMS math features
\@mathmargin=\skip50

For additional information on amsmath, use the `?' option.
(/usr/share/texlive/texmf-dist/tex/latex/amsmath/amstext.sty
Package: amstext 2021/08/26 v2.01 AMS text

(/usr/share/texlive/texmf-dist/tex/latex/amsmath/amsgen.sty
File: amsgen.sty 1999/11/30 v2.0 generic functions
\@emptytoks=\toks22
\ex@=\dimen152
))
(/usr/share/texlive/texmf-dist/tex/latex/amsmath/amsbsy.sty
Package: amsbsy 1999/11/29 v1.2d Bold Symbols
\pmbraise@=\dimen153
)
(/usr/share/texlive/texmf-dist/tex/latex/amsmath/amsopn.sty
Package: amsopn 2022/04/08 v2.04 operator names
)
\inf@bad=\count268
LaTeX Info: Redefining \frac on input line 234.
\uproot@=\count269
\leftroot@=\count270
LaTeX Info: Redefining \overline on input line 399.
LaTeX Info: Redefining \colon on input line 410.
\classnum@=\count271
\DOTSCASE@=\count272
LaTeX Info: Redefining \ldots on input line 496.
LaTeX Info: Redefining \dots on input line 499.
LaTeX Info: Redefining \cdots on input line 620.
\Mathstrutbox@=\box51
\strutbox@=\box52
LaTeX Info: Redefining \big on input line 722.
LaTeX Info: Redefining \Big on input line 723.
LaTeX Info: Redefining \bigg on input line 724.
LaTeX Info: Redefining \Bigg on input line 725.
\big@size=\dimen154
LaTeX Font Info:    Redeclaring font encoding OML on input line 743.
LaTeX Font Info:    Redeclaring font encoding OMS on input line 744.
\macc@depth=\count273
LaTeX Info: Redefining \bmod on input line 905.
LaTeX Info: Redefining \pmod on input line 910.
LaTeX Info: Redefining \smash on input line 940.
LaTeX Info: Redefining \relbar on input line 970.
LaTeX Info: Redefining \Relbar on input line 971.
\c@MaxMatrixCols=\count274
\dotsspace@=\muskip16
\c@parentequation=\count275
\dspbrk@lvl=\count276
\tag@help=\toks23
\row@=\count277
\column@=\count278
\maxfields@=\count279
\andhelp@=\toks24
\eqnshift@=\dimen155
\alignsep@=\dimen156
\tagshift@=\dimen157
\tagwidth@=\dimen158
\totwidth@=\dimen159
\lineht@=\dimen160
\@envbody=\toks25
\multlinegap=\skip51
\multlinetaggap=\skip52
\mathdisplay@stack=\toks26
LaTeX Info: Redefining \[ on input line 2953.
LaTeX Info: Redefining \] on input line 2954.
)
(/usr/share/texlive/texmf-dist/tex/latex/amsfonts/amssymb.sty
Package: amssymb 2013/01/14 v3.01 AMS font symbols

(/usr/share/texlive/texmf-dist/tex/latex/amsfonts/amsfonts.sty
Package: amsfonts 2013/01/14 v3.01 Basic AMSFonts support
\symAMSa=\mathgroup4
\symAMSb=\mathgroup5
LaTeX Font Info:    Redeclaring math symbol \hbar on input line 98.
LaTeX Font Info:    Overwriting math alphabet `\mathfrak' in version `bold'
(Font)                  U/euf/m/n --> U/euf/b/n on input line 106.
))
(/usr/share/texlive/texmf-dist/tex/latex/booktabs/booktabs.sty
Package: booktabs 2020/01/12 v1.61803398 Publication quality tables
\heavyrulewidth=\dimen161
\lightrulewidth=\dimen162
\cmidrulewidth=\dimen163
\belowrulesep=\dimen164
\belowbottomsep=\dimen165
\aboverulesep=\dimen166
\abovetopsep=\dimen167
\cmidrulesep=\dimen168
\cmidrulekern=\dimen169
\defaultaddspace=\dimen170
\@cmidla=\count280
\@cmidlb=\count281
\@aboverulesep=\dimen171
\@belowrulesep=\dimen172
\@thisruleclass=\count282
\@lastruleclass=\count283
\@thisrulewidth=\dimen173
)
(/usr/share/texlive/texmf-dist/tex/latex/tools/longtable.sty
Package: longtable 2023-11-01 v4.19 Multi-page Table package (DPC)
\LTleft=\skip53
\LTright=\skip54
\LTpre=\skip55
\LTpost=\skip56
\LTchunksize=\count284
\LTcapwidth=\dimen174
\LT@head=\box53
\LT@firsthead=\box54
\LT@foot=\box55
\LT@lastfoot=\box56
\LT@gbox=\box57
\LT@cols=\count285
\LT@rows=\count286
\c@LT@tables=\count287
\c@LT@chunks=\count288
\LT@p@ftn=\toks27
)
(/usr/share/texlive/texmf-dist/tex/latex/caption/caption.sty
Package: caption 2023/08/05 v3.6o Customizing captions (AR)

(/usr/share/texlive/texmf-dist/tex/latex/caption/caption3.sty
Package: caption3 2023/07/31 v2.4d caption3 kernel (AR)
\caption@tempdima=\dimen175
\captionmargin=\dimen176
\caption@leftmargin=\dimen177
\caption@rightmargin=\dimen178
\caption@width=\dimen179
\caption@indent=\dimen180
\caption@parindent=\dimen181
\caption@hangindent=\dimen182
Package caption Info: Standard document class detected.
)
\c@caption@flags=\count289
\c@continuedfloat=\count290
Package caption Info: longtable package is loaded.

(/usr/share/texlive/texmf-dist/tex/latex/caption/ltcaption.sty
Package: ltcaption 2021/01/08 v1.4c longtable captions (AR)
))
(/usr/share/texlive/texmf-dist/tex/latex/caption/subcaption.sty
Package: subcaption 2023/07/28 v1.6b Sub-captions (AR)
Package caption Info: New subtype `subfigure' on input line 238.
\c@subfigure=\count291
Package caption Info: New subtype `subtable' on input line 238.
\c@subtable=\count292
)
(/usr/share/texlive/texmf-dist/tex/latex/float/float.sty
Package: float 2001/11/08 v1.3d Float enhancements (AL)
\c@float@type=\count293
\float@exts=\toks28
\float@box=\box58
\@float@everytoks=\toks29
\@floatcapt=\box59
)
(/usr/share/texlive/texmf-dist/tex/latex/algorithms/algorithm.sty
Package: algorithm 2009/08/24 v0.1 Document Style `algorithm' - floating enviro
nment

(/usr/share/texlive/texmf-dist/tex/latex/base/ifthen.sty
Package: ifthen 2022/04/13 v1.1d Standard LaTeX ifthen package (DPC)
)
\@float@every@algorithm=\toks30
\c@algorithm=\count294
)
(/usr/share/texlive/texmf-dist/tex/latex/algorithmicx/algpseudocode.sty
Package: algpseudocode 

(/usr/share/texlive/texmf-dist/tex/latex/algorithmicx/algorithmicx.sty
Package: algorithmicx 2005/04/27 v1.2 Algorithmicx

Document Style algorithmicx 1.2 - a greatly improved `algorithmic' style
\c@ALG@line=\count295
\c@ALG@rem=\count296
\c@ALG@nested=\count297
\ALG@tlm=\skip57
\ALG@thistlm=\skip58
\c@ALG@Lnr=\count298
\c@ALG@blocknr=\count299
\c@ALG@storecount=\count300
\c@ALG@tmpcounter=\count301
\ALG@tmplength=\skip59
)
Document Style - pseudocode environments for use with the `algorithmicx' style
) (/usr/share/texlive/texmf-dist/tex/latex/microtype/microtype.sty
Package: microtype 2023/03/13 v3.1a Micro-typographical refinements (RS)

(/usr/share/texlive/texmf-dist/tex/latex/etoolbox/etoolbox.sty
Package: etoolbox 2020/10/05 v2.5k e-TeX tools for LaTeX (JAW)
\etb@tempcnta=\count302
)
\MT@toks=\toks31
\MT@tempbox=\box60
\MT@count=\count303
LaTeX Info: Redefining \noprotrusionifhmode on input line 1059.
LaTeX Info: Redefining \leftprotrusion on input line 1060.
\MT@prot@toks=\toks32
LaTeX Info: Redefining \rightprotrusion on input line 1078.
LaTeX Info: Redefining \textls on input line 1368.
\MT@outer@kern=\dimen183
LaTeX Info: Redefining \textmicrotypecontext on input line 1988.
\MT@listname@count=\count304

(/usr/share/texlive/texmf-dist/tex/latex/microtype/microtype-pdftex.def
File: microtype-pdftex.def 2023/03/13 v3.1a Definitions specific to pdftex (RS)

LaTeX Info: Redefining \lsstyle on input line 902.
LaTeX Info: Redefining \lslig on input line 902.
\MT@outer@space=\skip60
)
Package microtype Info: Loading configuration file microtype.cfg.

(/usr/share/texlive/texmf-dist/tex/latex/microtype/microtype.cfg
File: microtype.cfg 2023/03/13 v3.1a microtype main configuration file (RS)
))
(/usr/share/texlive/texmf-dist/tex/latex/hyperref/hyperref.sty
Package: hyperref 2024-01-20 v7.01h Hypertext links for LaTeX

(/usr/share/texlive/texmf-dist/tex/latex/kvsetkeys/kvsetkeys.sty
Package: kvsetkeys 2022-10-05 v1.19 Key value parser (HO)
)
(/usr/share/texlive/texmf-dist/tex/generic/kvdefinekeys/kvdefinekeys.sty
Package: kvdefinekeys 2019-12-19 v1.6 Define keys (HO)
)
(/usr/share/texlive/texmf-dist/tex/generic/pdfescape/pdfescape.sty
Package: pdfescape 2019/12/09 v1.15 Implements pdfTeX's escape features (HO)

(/usr/share/texlive/texmf-dist/tex/generic/ltxcmds/ltxcmds.sty
Package: ltxcmds 2023-12-04 v1.26 LaTeX kernel commands for general use (HO)
)
(/usr/share/texlive/texmf-dist/tex/generic/pdftexcmds/pdftexcmds.sty
Package: pdftexcmds 2020-06-27 v0.33 Utility functions of pdfTeX for LuaTeX (HO
)

(/usr/share/texlive/texmf-dist/tex/generic/infwarerr/infwarerr.sty
Package: infwarerr 2019/12/03 v1.5 Providing info/warning/error messages (HO)
)
Package pdftexcmds Info: \pdf@primitive is available.
Package pdftexcmds Info: \pdf@ifprimitive is available.
Package pdftexcmds Info: \pdfdraftmode found.
))
(/usr/share/texlive/texmf-dist/tex/latex/hycolor/hycolor.sty
Package: hycolor 2020-01-27 v1.10 Color options for hyperref/bookmark (HO)
)
(/usr/share/texlive/texmf-dist/tex/latex/auxhook/auxhook.sty
Package: auxhook 2019-12-17 v1.6 Hooks for auxiliary files (HO)
)
(/usr/share/texlive/texmf-dist/tex/latex/hyperref/nameref.sty
Package: nameref 2023-11-26 v2.56 Cross-referencing by name of section

(/usr/share/texlive/texmf-dist/tex/latex/refcount/refcount.sty
Package: refcount 2019/12/15 v3.6 Data extraction from label references (HO)
)
(/usr/share/texlive/texmf-dist/tex/generic/gettitlestring/gettitlestring.sty
Package: gettitlestring 2019/12/15 v1.6 Cleanup title references (HO)

(/usr/share/texlive/texmf-dist/tex/latex/kvoptions/kvoptions.sty
Package: kvoptions 2022-06-15 v3.15 Key value format for package options (HO)
))
\c@section@level=\count305
)
\@linkdim=\dimen184
\Hy@linkcounter=\count306
\Hy@pagecounter=\count307

(/usr/share/texlive/texmf-dist/tex/latex/hyperref/pd1enc.def
File: pd1enc.def 2024-01-20 v7.01h Hyperref: PDFDocEncoding definition (HO)
Now handling font encoding PD1 ...
... no UTF-8 mapping file for font encoding PD1
)
(/usr/share/texlive/texmf-dist/tex/generic/intcalc/intcalc.sty
Package: intcalc 2019/12/15 v1.3 Expandable calculations with integers (HO)
)
\Hy@SavedSpaceFactor=\count308

(/usr/share/texlive/texmf-dist/tex/latex/hyperref/puenc.def
File: puenc.def 2024-01-20 v7.01h Hyperref: PDF Unicode definition (HO)
Now handling font encoding PU ...
... no UTF-8 mapping file for font encoding PU
)
Package hyperref Info: Hyper figures OFF on input line 4179.
Package hyperref Info: Link nesting OFF on input line 4184.
Package hyperref Info: Hyper index ON on input line 4187.
Package hyperref Info: Plain pages OFF on input line 4194.
Package hyperref Info: Backreferencing OFF on input line 4199.
Package hyperref Info: Implicit mode ON; LaTeX internals redefined.
Package hyperref Info: Bookmarks ON on input line 4446.
\c@Hy@tempcnt=\count309

(/usr/share/texlive/texmf-dist/tex/latex/url/url.sty
\Urlmuskip=\muskip17
Package: url 2013/09/16  ver 3.4  Verb mode for urls, etc.
)
LaTeX Info: Redefining \url on input line 4784.
\XeTeXLinkMargin=\dimen185

(/usr/share/texlive/texmf-dist/tex/generic/bitset/bitset.sty
Package: bitset 2019/12/09 v1.3 Handle bit-vector datatype (HO)

(/usr/share/texlive/texmf-dist/tex/generic/bigintcalc/bigintcalc.sty
Package: bigintcalc 2019/12/15 v1.5 Expandable calculations on big integers (HO
)
))
\Fld@menulength=\count310
\Field@Width=\dimen186
\Fld@charsize=\dimen187
Package hyperref Info: Hyper figures OFF on input line 6063.
Package hyperref Info: Link nesting OFF on input line 6068.
Package hyperref Info: Hyper index ON on input line 6071.
Package hyperref Info: backreferencing OFF on input line 6078.
Package hyperref Info: Link coloring OFF on input line 6083.
Package hyperref Info: Link coloring with OCG OFF on input line 6088.
Package hyperref Info: PDF/A mode OFF on input line 6093.

(/usr/share/texlive/texmf-dist/tex/latex/base/atbegshi-ltx.sty
Package: atbegshi-ltx 2021/01/10 v1.0c Emulation of the original atbegshi
package with kernel methods
)
\Hy@abspage=\count311
\c@Item=\count312
\c@Hfootnote=\count313
)
Package hyperref Info: Driver (autodetected): hpdftex.

(/usr/share/texlive/texmf-dist/tex/latex/hyperref/hpdftex.def
File: hpdftex.def 2024-01-20 v7.01h Hyperref driver for pdfTeX

(/usr/share/texlive/texmf-dist/tex/latex/base/atveryend-ltx.sty
Package: atveryend-ltx 2020/08/19 v1.0a Emulation of the original atveryend pac
kage
with kernel methods
)
\Fld@listcount=\count314
\c@bookmark@seq@number=\count315

(/usr/share/texlive/texmf-dist/tex/latex/rerunfilecheck/rerunfilecheck.sty
Package: rerunfilecheck 2022-07-10 v1.10 Rerun checks for auxiliary files (HO)

(/usr/share/texlive/texmf-dist/tex/generic/uniquecounter/uniquecounter.sty
Package: uniquecounter 2019/12/15 v1.4 Provide unlimited unique counter (HO)
)
Package uniquecounter Info: New unique counter `rerunfilecheck' on input line 2
85.
)
\Hy@SectionHShift=\skip61
)
Package hyperref Info: Option `colorlinks' set `true' on input line 33.

(/usr/share/texlive/texmf-dist/tex/latex/fancyhdr/fancyhdr.sty
Package: fancyhdr 2022/11/09 v4.1 Extensive control of page headers and footers

\f@nch@headwidth=\skip62
\f@nch@O@elh=\skip63
\f@nch@O@erh=\skip64
\f@nch@O@olh=\skip65
\f@nch@O@orh=\skip66
\f@nch@O@elf=\skip67
\f@nch@O@erf=\skip68
\f@nch@O@olf=\skip69
\f@nch@O@orf=\skip70
)
(/usr/share/texlive/texmf-dist/tex/latex/l3backend/l3backend-pdftex.def
File: l3backend-pdftex.def 2024-01-04 L3 backend support: PDF output (pdfTeX)
\l__color_backend_stack_int=\count316
\l__pdf_internal_box=\box61
)
(./main.aux
LaTeX Info: Redefining \. on input line 11.
LaTeX Info: Redefining \% on input line 11.
)
\openout1 = `main.aux'.

LaTeX Font Info:    Checking defaults for OML/cmm/m/it on input line 47.
LaTeX Font Info:    ... okay on input line 47.
LaTeX Font Info:    Checking defaults for OMS/cmsy/m/n on input line 47.
LaTeX Font Info:    ... okay on input line 47.
LaTeX Font Info:    Checking defaults for OT1/cmr/m/n on input line 47.
LaTeX Font Info:    ... okay on input line 47.
LaTeX Font Info:    Checking defaults for T1/cmr/m/n on input line 47.
LaTeX Font Info:    ... okay on input line 47.
LaTeX Font Info:    Checking defaults for TS1/cmr/m/n on input line 47.
LaTeX Font Info:    ... okay on input line 47.
LaTeX Font Info:    Checking defaults for OMX/cmex/m/n on input line 47.
LaTeX Font Info:    ... okay on input line 47.
LaTeX Font Info:    Checking defaults for U/cmr/m/n on input line 47.
LaTeX Font Info:    ... okay on input line 47.
LaTeX Font Info:    Checking defaults for PD1/pdf/m/n on input line 47.
LaTeX Font Info:    ... okay on input line 47.
LaTeX Font Info:    Checking defaults for PU/pdf/m/n on input line 47.
LaTeX Font Info:    ... okay on input line 47.
LaTeX Info: Redefining \. on input line 47.
LaTeX Info: Redefining \% on input line 47.

*geometry* driver: auto-detecting
*geometry* detected driver: pdftex
*geometry* verbose mode - [ preamble ] result:
* driver: pdftex
* paper: letterpaper
* layout: <same size as paper>
* layoutoffset:(h,v)=(0.0pt,0.0pt)
* modes: 
* h-part:(L,W,R)=(85.35826pt, 457.80486pt, 71.13188pt)
* v-part:(T,H,B)=(71.13188pt, 652.70622pt, 71.13188pt)
* \paperwidth=614.295pt
* \paperheight=794.96999pt
* \textwidth=457.80486pt
* \textheight=652.70622pt
* \oddsidemargin=13.08827pt
* \evensidemargin=13.08827pt
* \topmargin=-38.1381pt
* \headheight=12.0pt
* \headsep=25.0pt
* \topskip=12.0pt
* \footskip=30.0pt
* \marginparwidth=44.0pt
* \marginparsep=10.0pt
* \columnsep=10.0pt
* \skip\footins=10.8pt plus 4.0pt minus 2.0pt
* \hoffset=0.0pt
* \voffset=0.0pt
* \mag=1000
* \@twocolumnfalse
* \@twosidefalse
* \@mparswitchfalse
* \@reversemarginfalse
* (1in=72.27pt=25.4mm, 1cm=28.453pt)

(/usr/share/texlive/texmf-dist/tex/context/base/mkii/supp-pdf.mkii
[Loading MPS to PDF converter (version 2006.09.02).]
\scratchcounter=\count317
\scratchdimen=\dimen188
\scratchbox=\box62
\nofMPsegments=\count318
\nofMParguments=\count319
\everyMPshowfont=\toks33
\MPscratchCnt=\count320
\MPscratchDim=\dimen189
\MPnumerator=\count321
\makeMPintoPDFobject=\count322
\everyMPtoPDFconversion=\toks34
) (/usr/share/texlive/texmf-dist/tex/latex/epstopdf-pkg/epstopdf-base.sty
Package: epstopdf-base 2020-01-24 v2.11 Base part for package epstopdf
Package epstopdf-base Info: Redefining graphics rule for `.eps' on input line 4
85.

(/usr/share/texlive/texmf-dist/tex/latex/latexconfig/epstopdf-sys.cfg
File: epstopdf-sys.cfg 2010/07/13 v1.3 Configuration of (r)epstopdf for TeX Liv
e
))
Package caption Info: Begin \AtBeginDocument code.
Package caption Info: float package is loaded.
Package caption Info: hyperref package is loaded.
Package caption Info: End \AtBeginDocument code.
LaTeX Info: Redefining \microtypecontext on input line 47.
Package microtype Info: Applying patch `item' on input line 47.
Package microtype Info: Applying patch `toc' on input line 47.
Package microtype Info: Applying patch `eqnum' on input line 47.
Package microtype Info: Applying patch `footnote' on input line 47.
Package microtype Info: Applying patch `verbatim' on input line 47.
Package microtype Info: Generating PDF output.
Package microtype Info: Character protrusion enabled (level 2).
Package microtype Info: Using default protrusion set `alltext'.
Package microtype Info: No font expansion.
Package microtype Info: No adjustment of tracking.
Package microtype Info: No adjustment of interword spacing.
Package microtype Info: No adjustment of character kerning.

(/usr/share/texlive/texmf-dist/tex/latex/microtype/mt-cmr.cfg
File: mt-cmr.cfg 2013/05/19 v2.2 microtype config. file: Computer Modern Roman 
(RS)
)
(/usr/share/texlive/texmf-dist/tex/latex/graphics/color.sty
Package: color 2022/01/06 v1.3d Standard LaTeX Color (DPC)

(/usr/share/texlive/texmf-dist/tex/latex/graphics-cfg/color.cfg
File: color.cfg 2016/01/02 v1.6 sample color configuration
)
Package color Info: Driver file: pdftex.def on input line 149.

(/usr/share/texlive/texmf-dist/tex/latex/graphics/mathcolor.ltx))
Package hyperref Info: Link coloring ON on input line 47.
 (./main.out)
(./main.out)
\@outlinefile=\write3
\openout3 = `main.out'.

 (./secciones/portada.tex [1

{/var/lib/texmf/fonts/map/pdftex/updmap/pdftex.map}{/usr/share/texmf/fonts/enc/
dvips/cm-super/cm-super-t1.enc}])
(./secciones/dedicatoria.tex)
pdfTeX warning (ext4): destination with the same identifier (name{page.I}) has 
been already used, duplicate ignored
<to be read again> 
                   \relax 
l.55 \cleardoublepage
                      [1

] (./secciones/agradecimientos.tex) [2


] (./main.toc
LaTeX Info: Redefining \. on input line 1.
LaTeX Info: Redefining \% on input line 1.
LaTeX Font Info:    Trying to load font information for U+msa on input line 6.

(/usr/share/texlive/texmf-dist/tex/latex/amsfonts/umsa.fd
File: umsa.fd 2013/01/14 v3.01 AMS symbols A
)
(/usr/share/texlive/texmf-dist/tex/latex/microtype/mt-msa.cfg
File: mt-msa.cfg 2006/02/04 v1.1 microtype config. file: AMS symbols (a) (RS)
)
LaTeX Font Info:    Trying to load font information for U+msb on input line 6.

(/usr/share/texlive/texmf-dist/tex/latex/amsfonts/umsb.fd
File: umsb.fd 2013/01/14 v3.01 AMS symbols B
)
(/usr/share/texlive/texmf-dist/tex/latex/microtype/mt-msb.cfg
File: mt-msb.cfg 2005/06/01 v1.0 microtype config. file: AMS symbols (b) (RS)
) [3


])
\tf@toc=\write4
\openout4 = `main.toc'.

 [4]
(./main.lot
LaTeX Info: Redefining \. on input line 1.
LaTeX Info: Redefining \% on input line 1.
)
\tf@lot=\write5
\openout5 = `main.lot'.

 [5

] (./main.lof
LaTeX Info: Redefining \. on input line 1.
LaTeX Info: Redefining \% on input line 1.
)
\tf@lof=\write6
\openout6 = `main.lof'.

 [6

] (./secciones/resumen.tex [7


]
pdfTeX warning (ext4): destination with the same identifier (name{page.I}) has 
been already used, duplicate ignored
<to be read again> 
                   \relax 
l.37 \end{abstract}
                    [1]) (./secciones/nomenclatura.tex
Overfull \hbox (11.37474pt too wide) in alignment at lines 9--15
 [] [] [] [] 
 []


Overfull \hbox (11.37474pt too wide) in alignment at lines 15--20
 [] [] [] [] 
 []


Overfull \hbox (11.37474pt too wide) in alignment at lines 20--23
 [] [] [] [] 
 []


Underfull \hbox (badness 10000) in paragraph at lines 27--27
[]|\T1/cmr/m/n/10.95 ton$\OMS/cmsy/m/n/10.95 ^^A$\T1/cmr/m/n/10.95 m o
 []


Underfull \hbox (badness 1609) in paragraph at lines 29--29
[]|\T1/cmr/m/n/10.95 Excentricidad crí-ti-ca que
 []


Underfull \hbox (badness 1231) in paragraph at lines 31--31
[]|\T1/cmr/m/n/10.95 Dimensión trans-ver-sal de
 []


Underfull \hbox (badness 10000) in paragraph at lines 34--34
[]|\T1/cmr/m/n/10.95 kg/cm$[]$ o
 []


Underfull \hbox (badness 10000) in paragraph at lines 35--35
[]|\T1/cmr/m/n/10.95 kg/cm$[]$ o
 []


Underfull \hbox (badness 10000) in paragraph at lines 36--36
[]|\T1/cmr/m/n/10.95 kg/cm$[]$ o
 []


Underfull \hbox (badness 10000) in paragraph at lines 37--37
[]|\T1/cmr/m/n/10.95 Resistencia no-mi-nal de
 []


Underfull \hbox (badness 10000) in paragraph at lines 37--37
[]|\T1/cmr/m/n/10.95 kg/cm$[]$ o
 []


Underfull \hbox (badness 1783) in paragraph at lines 43--43
[]|\T1/cmr/m/n/10.95 Profundidad de em-po-tra-
 []


Underfull \hbox (badness 10000) in paragraph at lines 44--44
[]|\T1/cmr/m/n/10.95 Diámetro no-mi-nal del
 []


Underfull \hbox (badness 10000) in paragraph at lines 45--45
[]|\T1/cmr/m/n/10.95 Distancia mí-ni-ma del
 []


Underfull \hbox (badness 1127) in paragraph at lines 45--45
\T1/cmr/m/n/10.95 perno al bor-de li-bre del
 []


Underfull \hbox (badness 1057) in paragraph at lines 46--47
[]|\T1/cmr/m/n/10.95 Capacidad no-mi-nal o de di-se-ńo
 []


Underfull \hbox (badness 1997) in paragraph at lines 48--48
[]|\T1/cmr/m/n/10.95 Resistencia adi-cio-nal por
 []


Underfull \hbox (badness 2005) in paragraph at lines 48--48
\T1/cmr/m/n/10.95 con-fi-na-mien-to en ten-sión
 []


Underfull \hbox (badness 1997) in paragraph at lines 49--49
[]|\T1/cmr/m/n/10.95 Resistencia adi-cio-nal por
 []


Underfull \hbox (badness 1509) in paragraph at lines 49--50
[]|\T1/cmr/m/n/10.95 Incremento de re-sis-ten-cia fren-te
 []


Underfull \hbox (badness 10000) in paragraph at lines 51--51
[]|\T1/cmr/m/n/10.95 Espaciado del re-fuer-zo
 []


Underfull \hbox (badness 10000) in paragraph at lines 52--52
[]|\T1/cmr/m/n/10.95 kg/cm$[]$ o
 []


Overfull \hbox (6.82657pt too wide) in paragraph at lines 53--53
[]|\T1/cmr/m/n/10.95 adimensional| 
 []


Underfull \hbox (badness 1331) in paragraph at lines 53--54
[]|\T1/cmr/m/n/10.95 Indicador del efec-to de con-fi-na-
 []


Overfull \hbox (6.82657pt too wide) in paragraph at lines 54--54
[]|\T1/cmr/m/n/10.95 adimensional| 
 []


Underfull \hbox (badness 1331) in paragraph at lines 54--55
[]|\T1/cmr/m/n/10.95 Indicador del efec-to de con-fi-na-
 []


Underfull \hbox (badness 7814) in paragraph at lines 55--55
[]|\T1/cmr/m/n/10.95 Eficiencia de apro-ve-cha-
 []


Overfull \hbox (6.82657pt too wide) in paragraph at lines 55--55
[]|\T1/cmr/m/n/10.95 adimensional| 
 []


Overfull \hbox (6.82657pt too wide) in paragraph at lines 56--56
[]|\T1/cmr/m/n/10.95 adimensional| 
 []


Overfull \hbox (6.82657pt too wide) in paragraph at lines 57--57
[]|\T1/cmr/m/n/10.95 adimensional| 
 []


Overfull \hbox (6.82657pt too wide) in paragraph at lines 58--58
[]|\T1/cmr/m/n/10.95 adimensional| 
 []


Overfull \hbox (11.37474pt too wide) in alignment at lines 23--59
 [] [] [] [] 
 []


pdfTeX warning (ext4): destination with the same identifier (name{page.I}) has 
been already used, duplicate ignored
<to be read again> 
                   \relax 
l.59 \end{longtable}
                     [1


]
pdfTeX warning (ext4): destination with the same identifier (name{page.II}) has
 been already used, duplicate ignored
<to be read again> 
                   \relax 
l.59 \end{longtable}
                     [2])
pdfTeX warning (ext4): destination with the same identifier (name{page.III}) ha
s been already used, duplicate ignored
<to be read again> 
                   \relax 
l.70 \cleardoublepage
                      [3] (./capitulos/capitulo1.tex
Cap\'{\i }tulo 1.
[1


]
<figuras/000_partes_placa_base.png, id=440, 1126.2075pt x 1407.2575pt>
File: figuras/000_partes_placa_base.png Graphic file (type png)
<use figuras/000_partes_placa_base.png>
Package pdftex.def Info: figuras/000_partes_placa_base.png  used on input line 
53.
(pdftex.def)             Requested size: 297.57036pt x 371.82634pt.
 [2 <./figuras/000_partes_placa_base.png (PNG copy)>]
<figuras/002_Mapa de la RepĂşblica Mexicana seĂ±alando el epicentro del sismo d
el 19-S 2017 y la Ciudad de MĂ©xico..png, id=452, 1532.72626pt x 1033.8625pt>
File: figuras/002_Mapa de la RepĂşblica Mexicana seĂ±alando el epicentro del si
smo del 19-S 2017 y la Ciudad de MĂ©xico..png Graphic file (type png)
<use figuras/002_Mapa de la RepĂşblica Mexicana seĂ±alando el epicentro del sis
mo del 19-S 2017 y la Ciudad de MĂ©xico..png>
Package pdftex.def Info: figuras/002_Mapa de la RepĂşblica Mexicana seĂ±alando 
el epicentro del sismo del 19-S 2017 y la Ciudad de MĂ©xico..png  used on input
 line 72.
(pdftex.def)             Requested size: 283.83676pt x 191.45087pt.
 [3 <./figuras/002_Mapa de la RepĂşblica Mexicana seĂ±alando el epicentro del s
ismo del 19-S 2017 y la Ciudad de MĂ©xico..png (PNG copy)>] [4]
Overfull \hbox (3.40222pt too wide) in paragraph at lines 183--186
\T1/cmr/m/n/12 cen-tri-ci-dad ($\OML/cmm/m/it/12 e > e[]$\T1/cmr/m/n/12 ), apli
-ca-do al per-fil IR 305$\OMS/cmsy/m/n/12 ^^B$\T1/cmr/m/n/12 74.5 (ace-ro A992,
 $\OML/cmm/m/it/12 F[] \OT1/cmr/m/n/12 = 3[]515 []$\T1/cmr/m/n/12 )
 []

[5]) (./capitulos/capitulo2.tex [6]
Cap\'{\i }tulo 2.
<figuras/001_Vista en corte de una conexiĂłn columna-cimentaciĂłn columna de ac
ero, placa base, pernos de anclaje, grout y pedestal de concreto..png, id=480, 
1202.4925pt x 1317.92375pt>
File: figuras/001_Vista en corte de una conexiĂłn columna-cimentaciĂłn columna 
de acero, placa base, pernos de anclaje, grout y pedestal de concreto..png Grap
hic file (type png)
<use figuras/001_Vista en corte de una conexiĂłn columna-cimentaciĂłn columna d
e acero, placa base, pernos de anclaje, grout y pedestal de concreto..png>
Package pdftex.def Info: figuras/001_Vista en corte de una conexiĂłn columna-ci
mentaciĂłn columna de acero, placa base, pernos de anclaje, grout y pedestal de
 concreto..png  used on input line 13.
(pdftex.def)             Requested size: 251.79407pt x 275.94765pt.
[7

] [8 <./figuras/001_Vista en corte de una conexiĂłn columna-cimentaciĂłn column
a de acero, placa base, pernos de anclaje, grout y pedestal de concreto..png (P
NG copy)>] [9] [10] [11] [12{/usr/share/texmf/fonts/enc/dvips/cm-super/cm-super
-ts1.enc}] [13] [14]
Underfull \hbox (badness 2293) in paragraph at lines 256--257
[]\T1/cmr/m/n/10.95 Resistencia al cono
 []


Underfull \hbox (badness 10000) in paragraph at lines 257--258
[]\T1/cmr/m/n/10.95 Método CCD por
 []


Underfull \hbox (badness 10000) in paragraph at lines 257--258
\T1/cmr/m/n/10.95 área pro-yec-ta-da y
 []


Underfull \hbox (badness 10000) in paragraph at lines 259--260
\T1/cmr/m/n/10.95 es-tri-bos efec-ti-vos;
 []


Underfull \hbox (badness 7704) in paragraph at lines 259--260
\T1/cmr/m/n/10.95 igual si da-do sin
 []


Underfull \hbox (badness 2293) in paragraph at lines 261--262
[]\T1/cmr/m/n/10.95 Resistencia al cono
 []


Underfull \hbox (badness 1210) in paragraph at lines 263--264
[]$\OML/cmm/m/it/10.95 F[] k[] R[] \OT1/cmr/m/n/10.95 + \OML/cmm/m/it/10.95 R[]
$\T1/cmr/m/n/10.95 ;
 []


Underfull \hbox (badness 1033) in paragraph at lines 264--265
[]\T1/cmr/m/n/10.95 Aumenta con den-si-
 []

) (./capitulos/capitulo3.tex [15]
Cap\'{\i }tulo 3.
[16

]
Underfull \hbox (badness 10000) in paragraph at lines 71--72
[]\T1/cmr/m/n/12 Resistencia ba-se más
 []


Underfull \hbox (badness 10000) in paragraph at lines 72--73
[]\T1/cmr/m/n/12 Resistencia ba-se más
 []

[17] [18] [19] [20]
Underfull \hbox (badness 10000) in paragraph at lines 298--299
[]\T1/cmr/bx/n/12 Respuesta eva-
 []


Underfull \hbox (badness 7869) in paragraph at lines 300--300
[]$\OT1/cmr/m/n/12 15$\T1/cmr/m/n/12 --$\OT1/cmr/m/n/12 50 []$\T1/cmr/m/n/12 ; 
#3@20,
 []


Underfull \hbox (badness 4739) in paragraph at lines 301--301
[]$\OT1/cmr/m/n/12 3\OML/cmm/m/it/12 =\OT1/cmr/m/n/12 8[]$\T1/cmr/m/n/12 --$\OT
1/cmr/m/n/12 2[]$\T1/cmr/m/n/12 ; da-dos 50--
 []

[21]
Underfull \hbox (badness 10000) in paragraph at lines 367--368
[]\T1/cmr/m/n/12 IR 305$\OMS/cmsy/m/n/12 ^^B$\T1/cmr/m/n/12 74.5
 []


Underfull \hbox (badness 10000) in paragraph at lines 375--376
[]\T1/cmr/m/n/12 700000 kg$\OMS/cmsy/m/n/12 ^^A$\T1/cmr/m/n/12 cm
 []

[22]
Overfull \hbox (114.7323pt too wide) detected at line 413
\OML/cmm/m/it/12 m \OT1/cmr/m/n/12 = [] = [] = 16[]75 [];  \OML/cmm/m/it/12 n \
OT1/cmr/m/n/12 = [] = [] = 9[]75 [];  \OML/cmm/m/it/12 l \OT1/cmr/m/n/12 = [](\
OML/cmm/m/it/12 m; n\OT1/cmr/m/n/12 ) = 16[]75 []
 []

[23]
Overfull \hbox (56.76878pt too wide) detected at line 435
\OML/cmm/m/it/12 Y \OT1/cmr/m/n/12 = \OML/cmm/m/it/12 a \OMS/cmsy/m/n/12 ^^@ []
 \OT1/cmr/m/n/12 = 45 \OMS/cmsy/m/n/12 ^^@ [] \OT1/cmr/m/n/12 = 45 \OMS/cmsy/m/
n/12 ^^@ [] \OT1/cmr/m/n/12 = 1[]89 []
 []


Overfull \hbox (101.39793pt too wide) detected at line 500
\OML/cmm/m/it/12 R[] \OT1/cmr/m/n/12 = \OML/cmm/m/it/12 F[] k[] R[] \OT1/cmr/m/
n/12 + \OML/cmm/m/it/12 R[] \OT1/cmr/m/n/12 = 0[]65 \OMS/cmsy/m/n/12 ^^B \OT1/c
mr/m/n/12 2[]0 \OMS/cmsy/m/n/12 ^^B \OT1/cmr/m/n/12 36 176 + 13 836 = 47 029 + 
13 836 = 60 865 [] = [] (+105[])
 []

[24]
Overfull \hbox (10.92145pt too wide) in paragraph at lines 533--543
 [][] 
 []

) (./capitulos/capitulo4.tex [25]
Cap\'{\i }tulo 4.
[26

]
<figuras/009_Casos de estudio..png, id=764, 2028.57875pt x 780.9175pt>
File: figuras/009_Casos de estudio..png Graphic file (type png)
<use figuras/009_Casos de estudio..png>
Package pdftex.def Info: figuras/009_Casos de estudio..png  used on input line 
40.
(pdftex.def)             Requested size: 375.40332pt x 144.51514pt.
 [27 <./figuras/009_Casos de estudio..png (PNG copy)>]
Underfull \hbox (badness 10000) in paragraph at lines 89--89
[]\T1/cmr/m/n/12 Diferencia 2017--
 []


Underfull \hbox (badness 2452) in paragraph at lines 92--92
[]\T1/cmr/m/n/12 Aumenta en 2023
 []


Underfull \hbox (badness 2452) in paragraph at lines 93--93
[]\T1/cmr/m/n/12 Aumenta en 2023
 []


Underfull \hbox (badness 10000) in paragraph at lines 94--94
[]\T1/cmr/m/n/12 Más res-tric-ti-va
 []


Underfull \hbox (badness 10000) in paragraph at lines 94--94
\T1/cmr/m/n/12 en 2023 pa-ra
 []


Underfull \hbox (badness 1122) in paragraph at lines 94--95
[]\T1/cmr/m/n/12 Puede exi-gir ma-yor di-
 []

<figuras/010_Impacto del confinamiento por estribos en la resistencia al cono d
e concreto en tension..png, id=770, 1075.8594pt x 374.3586pt>
File: figuras/010_Impacto del confinamiento por estribos en la resistencia al c
ono de concreto en tension..png Graphic file (type png)
<use figuras/010_Impacto del confinamiento por estribos en la resistencia al co
no de concreto en tension..png>
Package pdftex.def Info: figuras/010_Impacto del confinamiento por estribos en 
la resistencia al cono de concreto en tension..png  used on input line 117.
(pdftex.def)             Requested size: 421.17963pt x 146.55334pt.
[28]
<figuras/012_Mapa de calor_Incremento de resistencia al cono de tension-NTC-202
3 vs NTC-2017..png, id=777, 926.9832pt x 340.6326pt>
File: figuras/012_Mapa de calor_Incremento de resistencia al cono de tension-NT
C-2023 vs NTC-2017..png Graphic file (type png)
<use figuras/012_Mapa de calor_Incremento de resistencia al cono de tension-NTC
-2023 vs NTC-2017..png>
Package pdftex.def Info: figuras/012_Mapa de calor_Incremento de resistencia al
 cono de tension-NTC-2023 vs NTC-2017..png  used on input line 154.
(pdftex.def)             Requested size: 402.8705pt x 148.03883pt.
 [29 <./figuras/010_Impacto del confinamiento por estribos en la resistencia al
 cono de concreto en tension..png>]
<figuras/011_Requisitos de distancia minima al borde libre impacto normativo de
l cambio para anclas..png, id=784, 642.7212pt x 373.8768pt>
File: figuras/011_Requisitos de distancia minima al borde libre impacto normati
vo del cambio para anclas..png Graphic file (type png)
<use figuras/011_Requisitos de distancia minima al borde libre impacto normativ
o del cambio para anclas..png>
Package pdftex.def Info: figuras/011_Requisitos de distancia minima al borde li
bre impacto normativo del cambio para anclas..png  used on input line 181.
(pdftex.def)             Requested size: 402.8705pt x 234.3513pt.
 [30 <./figuras/012_Mapa de calor_Incremento de resistencia al cono de tension-
NTC-2023 vs NTC-2017..png>] [31 <./figuras/011_Requisitos de distancia minima a
l borde libre impacto normativo del cambio para anclas..png>]
<figuras/013_Resistencia al cono por cortante Rv - NTC-2017 vs NTC-2023..png, i
d=798, 931.8012pt x 374.3586pt>
File: figuras/013_Resistencia al cono por cortante Rv - NTC-2017 vs NTC-2023..p
ng Graphic file (type png)
<use figuras/013_Resistencia al cono por cortante Rv - NTC-2017 vs NTC-2023..pn
g>
Package pdftex.def Info: figuras/013_Resistencia al cono por cortante Rv - NTC-
2017 vs NTC-2023..png  used on input line 244.
(pdftex.def)             Requested size: 412.02156pt x 165.53514pt.
 [32 <./figuras/013_Resistencia al cono por cortante Rv - NTC-2017 vs NTC-2023.
.png>]
Underfull \hbox (badness 2213) in paragraph at lines 296--296
[]\T1/cmr/m/n/12 Conservación de ecua-cio-
 []


Underfull \hbox (badness 6125) in paragraph at lines 298--299
[]\T1/cmr/m/n/12 Reconoce la par-ti-ci-pa-
 []


Underfull \hbox (badness 10000) in paragraph at lines 299--300
\T1/cmr/m/n/12 com-pac-tas con an-clas
 []

[33]) (./capitulos/capitulo5.tex [34]
Cap\'{\i }tulo 5.
[35

] [36] [37]) (./anexos/apendiceC.tex [38]
Ap\'{e}ndice A.
LaTeX Font Info:    Trying to load font information for T1+cmtt on input line 8
.
(/usr/share/texlive/texmf-dist/tex/latex/base/t1cmtt.fd
File: t1cmtt.fd 2023/04/13 v2.5m Standard LaTeX font definitions
)
Package microtype Info: Loading generic protrusion settings for font family
(microtype)             `cmtt' (encoding: T1).
(microtype)             For optimal results, create family-specific settings.
(microtype)             See the microtype manual for details.
Package hyperref Info: bookmark level for unknown algorithm defaults to 0 on in
put line 17.
 [39

] [40] [41]
[42]) (./main.bbl [43] [44

]
Underfull \hbox (badness 10000) in paragraph at lines 81--87
[]\T1/cmr/m/n/12 Hilti Es-pa-ńa.  ľpor qué es im-por-tan-te com-pro-bar la ri-g
i-dez de la
 []


Underfull \hbox (badness 10000) in paragraph at lines 81--87
\T1/cmr/m/n/12 pla-ca de an-cla-jes?  [][]$\T1/cmtt/m/n/12 https : / / www . hi
lti . es / engineering / article /
 []


Underfull \hbox (badness 10000) in paragraph at lines 81--87
\T1/cmtt/m/n/12 por-[]que-[]es-[]importante-[]comprobar-[]la-[]rigidez-[]de-[]l
a-[]placa-[]de-[]anclajes /
 []


Underfull \hbox (badness 10000) in paragraph at lines 155--161
[]\T1/cmr/m/n/12 Prontubeam.  Di-se-ńo y mo-de-li-za-ción de ba-ses y pla-cas d
e an-cla-je
 []


Underfull \hbox (badness 10000) in paragraph at lines 155--161
\T1/cmr/m/n/12 en es-truc-tu-ras me-tá-li-cas.  [][]$\T1/cmtt/m/n/12 https : / 
/ www . prontubeam . com / articulos /
 []

[45]
Underfull \hbox (badness 3199) in paragraph at lines 163--167
[]\T1/cmr/m/n/12 INDEX Fix.  Ti-pos de fa-llos de an-cla-jes.  [][]$\T1/cmtt/m/
n/12 https : / / www . indexfix . com /
 []


Overfull \hbox (362.36104pt too wide) in paragraph at lines 163--167
\T1/cmtt/m/n/12 preguntas-[]frecuentes / como-[]se-[]sabe-[]si-[]un-[]anclaje-[
]aguantara-[]la-[]carga-[]a-[]la-[]que-[]se-[]le-[]va-[]a-[]someter-[]mecanicos
-[]y-[]quimicos-[]en-[]hormigon$[][]\T1/cmr/m/n/12 . 
 []

) [46] (./main.aux
LaTeX Info: Redefining \. on input line 11.
LaTeX Info: Redefining \% on input line 11.
)
 ***********
LaTeX2e <2023-11-01> patch level 1
L3 programming layer <2024-01-22>
 ***********
Package rerunfilecheck Info: File `main.out' has not changed.
(rerunfilecheck)             Checksum: 54F6AF4D071AB53047986D5B58318648;15450.
 ) 
Here is how much of TeX's memory you used:
 16909 strings out of 476047
 275344 string characters out of 5792075
 1967975 words of memory out of 5000000
 38416 multiletter control sequences out of 15000+600000
 588683 words of font info for 114 fonts, out of 8000000 for 9000
 85 hyphenation exceptions out of 8191
 75i,14n,79p,1089b,792s stack positions out of 10000i,1000n,20000p,200000b,200000s
</usr/share/texlive/texmf-dist/fonts/type1/public/amsfonts/cm/cmbx12.pfb></us
r/share/texlive/texmf-dist/fonts/type1/public/amsfonts/cm/cmex10.pfb></usr/shar
e/texlive/texmf-dist/fonts/type1/public/amsfonts/cm/cmmi10.pfb></usr/share/texl
ive/texmf-dist/fonts/type1/public/amsfonts/cm/cmmi12.pfb></usr/share/texlive/te
xmf-dist/fonts/type1/public/amsfonts/cm/cmmi6.pfb></usr/share/texlive/texmf-dis
t/fonts/type1/public/amsfonts/cm/cmmi7.pfb></usr/share/texlive/texmf-dist/fonts
/type1/public/amsfonts/cm/cmmi8.pfb></usr/share/texlive/texmf-dist/fonts/type1/
public/amsfonts/cm/cmr10.pfb></usr/share/texlive/texmf-dist/fonts/type1/public/
amsfonts/cm/cmr12.pfb></usr/share/texlive/texmf-dist/fonts/type1/public/amsfont
s/cm/cmr7.pfb></usr/share/texlive/texmf-dist/fonts/type1/public/amsfonts/cm/cmr
8.pfb></usr/share/texlive/texmf-dist/fonts/type1/public/amsfonts/cm/cmsy10.pfb>
</usr/share/texlive/texmf-dist/fonts/type1/public/amsfonts/cm/cmsy8.pfb></usr/s
hare/texlive/texmf-dist/fonts/type1/public/amsfonts/symbols/msam10.pfb></usr/sh
are/texmf/fonts/type1/public/cm-super/sfbx1095.pfb></usr/share/texmf/fonts/type
1/public/cm-super/sfbx1200.pfb></usr/share/texmf/fonts/type1/public/cm-super/sf
bx1440.pfb></usr/share/texmf/fonts/type1/public/cm-super/sfbx1728.pfb></usr/sha
re/texmf/fonts/type1/public/cm-super/sfbx2074.pfb></usr/share/texmf/fonts/type1
/public/cm-super/sfbx2488.pfb></usr/share/texmf/fonts/type1/public/cm-super/sfc
c1200.pfb></usr/share/texmf/fonts/type1/public/cm-super/sfrm1000.pfb></usr/shar
e/texmf/fonts/type1/public/cm-super/sfrm1095.pfb></usr/share/texmf/fonts/type1/
public/cm-super/sfrm1200.pfb></usr/share/texmf/fonts/type1/public/cm-super/sfrm
1440.pfb></usr/share/texmf/fonts/type1/public/cm-super/sfrm1728.pfb></usr/share
/texmf/fonts/type1/public/cm-super/sfti1200.pfb></usr/share/texmf/fonts/type1/p
ublic/cm-super/sftt1200.pfb></usr/share/texmf/fonts/type1/public/cm-super/sfxc1
200.pfb>
Output written on main.pdf (58 pages, 7535164 bytes).
PDF statistics:
 1093 PDF objects out of 1200 (max. 8388607)
 888 compressed objects within 9 object streams
 226 named destinations out of 1000 (max. 500000)
 22529 words of extra memory for PDF output out of 24883 (max. 10000000)

